<?xml version="1.0" encoding="UTF-8" ?>
<testsuite tests="2" failures="0" name="webFunctions.GivenTest" time="0.122" errors="2" skipped="0">
  <properties>
[...]
</properties>
  <testcase classname="webFunctions.GivenTest" name="given" time="0.061">
    <error message="The path to the driver executable must be set by the webdriver.chrome.driver system property; for more information, see https://github.com/SeleniumHQ/selenium/wiki/ChromeDriver. The latest version can be downloaded from http://chromedriver.storage.googleapis.com/index.html" type="java.lang.IllegalStateException">java.lang.IllegalStateException: The path to the driver executable must be set by the webdriver.chrome.driver system property; for more information, see https://github.com/SeleniumHQ/selenium/wiki/ChromeDriver. The latest version can be downloaded from http://chromedriver.storage.googleapis.com/index.html
	at com.google.common.base.Preconditions.checkState(Preconditions.java:847)
	at org.openqa.selenium.remote.service.DriverService.findExecutable(DriverService.java:134)
	at org.openqa.selenium.chrome.ChromeDriverService.access$000(ChromeDriverService.java:35)
	at org.openqa.selenium.chrome.ChromeDriverService$Builder.findDefaultExecutable(ChromeDriverService.java:159)
	at org.openqa.selenium.remote.service.DriverService$Builder.build(DriverService.java:355)
	at org.openqa.selenium.chrome.ChromeDriverService.createDefaultService(ChromeDriverService.java:94)
	at org.openqa.selenium.chrome.ChromeDriver.&lt;init&gt;(ChromeDriver.java:123)
	at webFunctions.GivenTest.setUp(GivenTest.java:31)
	at java.base/jdk.internal.reflect.NativeMethodAccessorImpl.invoke0(Native Method)
	at java.base/jdk.internal.reflect.NativeMethodAccessorImpl.invoke(NativeMethodAccessorImpl.java:62)
	at java.base/jdk.internal.reflect.DelegatingMethodAccessorImpl.invoke(DelegatingMethodAccessorImpl.java:43)
	at java.base/java.lang.reflect.Method.invoke(Method.java:566)
	at org.junit.runners.model.FrameworkMethod$1.runReflectiveCall(FrameworkMethod.java:59)
	at org.junit.internal.runners.model.ReflectiveCallable.run(ReflectiveCallable.java:12)
	at org.junit.runners.model.FrameworkMethod.invokeExplosively(FrameworkMethod.java:56)
	at org.junit.internal.runners.statements.RunBefores.invokeMethod(RunBefores.java:33)
	at org.junit.internal.runners.statements.RunBefores.evaluate(RunBefores.java:24)
	at org.junit.internal.runners.statements.RunAfters.evaluate(RunAfters.java:27)
	at org.junit.runners.ParentRunner$3.evaluate(ParentRunner.java:306)
	at org.junit.runners.BlockJUnit4ClassRunner$1.evaluate(BlockJUnit4ClassRunner.java:100)
	at org.junit.runners.ParentRunner.runLeaf(ParentRunner.java:366)
	at org.junit.runners.BlockJUnit4ClassRunner.runChild(BlockJUnit4ClassRunner.java:103)
	at org.junit.runners.BlockJUnit4ClassRunner.runChild(BlockJUnit4ClassRunner.java:63)
	at org.junit.runners.ParentRunner$4.run(ParentRunner.java:331)
	at org.junit.runners.ParentRunner$1.schedule(ParentRunner.java:79)
	at org.junit.runners.ParentRunner.runChildren(ParentRunner.java:329)
	at org.junit.runners.ParentRunner.access$100(ParentRunner.java:66)
	at org.junit.runners.ParentRunner$2.evaluate(ParentRunner.java:293)
	at org.junit.runners.ParentRunner$3.evaluate(ParentRunner.java:306)
	at org.junit.runners.ParentRunner.run(ParentRunner.java:413)
	at org.apache.maven.surefire.junit4.JUnit4Provider.execute(JUnit4Provider.java:252)
	at org.apache.maven.surefire.junit4.JUnit4Provider.executeTestSet(JUnit4Provider.java:141)
	at org.apache.maven.surefire.junit4.JUnit4Provider.invoke(JUnit4Provider.java:112)
	at java.base/jdk.internal.reflect.NativeMethodAccessorImpl.invoke0(Native Method)
	at java.base/jdk.internal.reflect.NativeMethodAccessorImpl.invoke(NativeMethodAccessorImpl.java:62)
	at java.base/jdk.internal.reflect.DelegatingMethodAccessorImpl.invoke(DelegatingMethodAccessorImpl.java:43)
	at java.base/java.lang.reflect.Method.invoke(Method.java:566)
	at org.apache.maven.surefire.util.ReflectionUtils.invokeMethodWithArray(ReflectionUtils.java:189)
	at org.apache.maven.surefire.booter.ProviderFactory$ProviderProxy.invoke(ProviderFactory.java:165)
	at org.apache.maven.surefire.booter.ProviderFactory.invokeProvider(ProviderFactory.java:85)
	at org.apache.maven.surefire.booter.ForkedBooter.runSuitesInProcess(ForkedBooter.java:115)
	at org.apache.maven.surefire.booter.ForkedBooter.main(ForkedBooter.java:75)
</error>
    <system-err>&amp;#27;[32m&amp;#27;[1m?????????????????????????????????????????????????????????????????????????????????????&amp;#27;[0m
&amp;#27;[32m&amp;#27;[1m?&amp;#27;[0m Share your Cucumber Report with your team at &amp;#27;[36m&amp;#27;[1m&amp;#27;[4mhttps://reports.cucumber.io&amp;#27;[0m          &amp;#27;[32m&amp;#27;[1m?&amp;#27;[0m
&amp;#27;[32m&amp;#27;[1m?&amp;#27;[0m Activate publishing with one of the following:                                    &amp;#27;[32m&amp;#27;[1m?&amp;#27;[0m
&amp;#27;[32m&amp;#27;[1m?&amp;#27;[0m                                                                                   &amp;#27;[32m&amp;#27;[1m?&amp;#27;[0m
&amp;#27;[32m&amp;#27;[1m?&amp;#27;[0m src/test/resources/cucumber.properties:          &amp;#27;[36mcucumber.publish.enabled&amp;#27;[0m=&amp;#27;[36mtrue&amp;#27;[0m    &amp;#27;[32m&amp;#27;[1m?&amp;#27;[0m
&amp;#27;[32m&amp;#27;[1m?&amp;#27;[0m src/test/resources/junit-platform.properties:    &amp;#27;[36mcucumber.publish.enabled&amp;#27;[0m=&amp;#27;[36mtrue&amp;#27;[0m    &amp;#27;[32m&amp;#27;[1m?&amp;#27;[0m
&amp;#27;[32m&amp;#27;[1m?&amp;#27;[0m Environment variable:                            &amp;#27;[36mCUCUMBER_PUBLISH_ENABLED&amp;#27;[0m=&amp;#27;[36mtrue&amp;#27;[0m    &amp;#27;[32m&amp;#27;[1m?&amp;#27;[0m
&amp;#27;[32m&amp;#27;[1m?&amp;#27;[0m JUnit:                                           &amp;#27;[36m@CucumberOptions&amp;#27;[0m(publish = &amp;#27;[36mtrue&amp;#27;[0m) &amp;#27;[32m&amp;#27;[1m?&amp;#27;[0m
&amp;#27;[32m&amp;#27;[1m?&amp;#27;[0m                                                                                   &amp;#27;[32m&amp;#27;[1m?&amp;#27;[0m
&amp;#27;[32m&amp;#27;[1m?&amp;#27;[0m More information at &amp;#27;[36mhttps://cucumber.io/docs/cucumber/environment-variables/&amp;#27;[0m      &amp;#27;[32m&amp;#27;[1m?&amp;#27;[0m
&amp;#27;[32m&amp;#27;[1m?&amp;#27;[0m                                                                                   &amp;#27;[32m&amp;#27;[1m?&amp;#27;[0m
&amp;#27;[32m&amp;#27;[1m?&amp;#27;[0m Disable this message with one of the following:                                   &amp;#27;[32m&amp;#27;[1m?&amp;#27;[0m
&amp;#27;[32m&amp;#27;[1m?&amp;#27;[0m                                                                                   &amp;#27;[32m&amp;#27;[1m?&amp;#27;[0m
&amp;#27;[32m&amp;#27;[1m?&amp;#27;[0m src/test/resources/cucumber.properties:          &amp;#27;[36mcucumber.publish.quiet&amp;#27;[0m=&amp;#27;[36mtrue&amp;#27;[0m      &amp;#27;[32m&amp;#27;[1m?&amp;#27;[0m
&amp;#27;[32m&amp;#27;[1m?&amp;#27;[0m src/test/resources/junit-platform.properties:    &amp;#27;[36mcucumber.publish.quiet&amp;#27;[0m=&amp;#27;[36mtrue&amp;#27;[0m      &amp;#27;[32m&amp;#27;[1m?&amp;#27;[0m
&amp;#27;[32m&amp;#27;[1m?????????????????????????????????????????????????????????????????????????????????????&amp;#27;[0m
</system-err>
  </testcase>
  <testcase classname="webFunctions.GivenTest" name="given" time="0.061">
    <error type="java.lang.NullPointerException">java.lang.NullPointerException
	at webFunctions.GivenTest.tearDown(GivenTest.java:37)
	at java.base/jdk.internal.reflect.NativeMethodAccessorImpl.invoke0(Native Method)
	at java.base/jdk.internal.reflect.NativeMethodAccessorImpl.invoke(NativeMethodAccessorImpl.java:62)
	at java.base/jdk.internal.reflect.DelegatingMethodAccessorImpl.invoke(DelegatingMethodAccessorImpl.java:43)
	at java.base/java.lang.reflect.Method.invoke(Method.java:566)
	at org.junit.runners.model.FrameworkMethod$1.runReflectiveCall(FrameworkMethod.java:59)
	at org.junit.internal.runners.model.ReflectiveCallable.run(ReflectiveCallable.java:12)
	at org.junit.runners.model.FrameworkMethod.invokeExplosively(FrameworkMethod.java:56)
	at org.junit.internal.runners.statements.RunAfters.invokeMethod(RunAfters.java:46)
	at org.junit.internal.runners.statements.RunAfters.evaluate(RunAfters.java:33)
	at org.junit.runners.ParentRunner$3.evaluate(ParentRunner.java:306)
	at org.junit.runners.BlockJUnit4ClassRunner$1.evaluate(BlockJUnit4ClassRunner.java:100)
	at org.junit.runners.ParentRunner.runLeaf(ParentRunner.java:366)
	at org.junit.runners.BlockJUnit4ClassRunner.runChild(BlockJUnit4ClassRunner.java:103)
	at org.junit.runners.BlockJUnit4ClassRunner.runChild(BlockJUnit4ClassRunner.java:63)
	at org.junit.runners.ParentRunner$4.run(ParentRunner.java:331)
	at org.junit.runners.ParentRunner$1.schedule(ParentRunner.java:79)
	at org.junit.runners.ParentRunner.runChildren(ParentRunner.java:329)
	at org.junit.runners.ParentRunner.access$100(ParentRunner.java:66)
	at org.junit.runners.ParentRunner$2.evaluate(ParentRunner.java:293)
	at org.junit.runners.ParentRunner$3.evaluate(ParentRunner.java:306)
	at org.junit.runners.ParentRunner.run(ParentRunner.java:413)
	at org.apache.maven.surefire.junit4.JUnit4Provider.execute(JUnit4Provider.java:252)
	at org.apache.maven.surefire.junit4.JUnit4Provider.executeTestSet(JUnit4Provider.java:141)
	at org.apache.maven.surefire.junit4.JUnit4Provider.invoke(JUnit4Provider.java:112)
	at java.base/jdk.internal.reflect.NativeMethodAccessorImpl.invoke0(Native Method)
	at java.base/jdk.internal.reflect.NativeMethodAccessorImpl.invoke(NativeMethodAccessorImpl.java:62)
	at java.base/jdk.internal.reflect.DelegatingMethodAccessorImpl.invoke(DelegatingMethodAccessorImpl.java:43)
	at java.base/java.lang.reflect.Method.invoke(Method.java:566)
	at org.apache.maven.surefire.util.ReflectionUtils.invokeMethodWithArray(ReflectionUtils.java:189)
	at org.apache.maven.surefire.booter.ProviderFactory$ProviderProxy.invoke(ProviderFactory.java:165)
	at org.apache.maven.surefire.booter.ProviderFactory.invokeProvider(ProviderFactory.java:85)
	at org.apache.maven.surefire.booter.ForkedBooter.runSuitesInProcess(ForkedBooter.java:115)
	at org.apache.maven.surefire.booter.ForkedBooter.main(ForkedBooter.java:75)
</error>
  </testcase>
</testsuite>