<?xml version="1.0" encoding="UTF-8" ?>
<testsuite tests="1" failures="1" name="stepDefinitions.TestRunner" time="7.164" errors="0" skipped="0">
  <properties>
[...]
</properties>
  <testcase classname="Adding item to cart" name="Adding the lowest price item to the cart from the wishlist" time="7.164">
    <failure message="There are not : 4 elements in the wishlist" type="java.lang.AssertionError">java.lang.AssertionError: There are not : 4 elements in the wishlist
	at org.junit.Assert.fail(Assert.java:89)
	at webFunctions.seleniumCreator.then(seleniumCreator.java:70)
	at stepDefinitions.acceptanceCriteria.iFindTotalNSelectedItemInMyWishlist(acceptanceCriteria.java:24)
	at ✽.I find total 4 selected item in my wishlist(file:///B:/Github%20Projects/SampleProjectSeleniumCucumber/src/test/resources/features/acceptanceCritera.feature:6)
</failure>
    <system-err>Starting ChromeDriver 94.0.4606.61 (418b78f5838ed0b1c69bb4e51ea0252171854915-refs/branch-heads/4606@{#1204}) on port 15376
Only local connections are allowed.
Please see https://chromedriver.chromium.org/security-considerations for suggestions on keeping ChromeDriver safe.
ChromeDriver was started successfully.
Sep 29, 2021 9:19:04 PM org.openqa.selenium.remote.ProtocolHandshake createSession
INFO: Detected dialect: W3C
</system-err>
  </testcase>
</testsuite>